[gin-vue-admin]2026/02/11 - 00:49:18.369	[34minfo[0m	/Users/david/Documents/projects/gin-vue-admin/server/service/binance/datasync/btc_market_collector.go:76	âœ… å·²ä¿å­˜ BTC å¸‚åœºæ•°æ®	{"price": 69187}
[gin-vue-admin]2026/02/11 - 01:49:18.283	[34minfo[0m	/Users/david/Documents/projects/gin-vue-admin/server/service/binance/datasync/btc_market_collector.go:76	âœ… å·²ä¿å­˜ BTC å¸‚åœºæ•°æ®	{"price": 69504}
[gin-vue-admin]2026/02/11 - 02:49:18.316	[34minfo[0m	/Users/david/Documents/projects/gin-vue-admin/server/service/binance/datasync/btc_market_collector.go:76	âœ… å·²ä¿å­˜ BTC å¸‚åœºæ•°æ®	{"price": 69871}
[gin-vue-admin]2026/02/11 - 03:49:18.308	[34minfo[0m	/Users/david/Documents/projects/gin-vue-admin/server/service/binance/datasync/btc_market_collector.go:76	âœ… å·²ä¿å­˜ BTC å¸‚åœºæ•°æ®	{"price": 68703}
[gin-vue-admin]2026/02/11 - 04:49:18.374	[34minfo[0m	/Users/david/Documents/projects/gin-vue-admin/server/service/binance/datasync/btc_market_collector.go:76	âœ… å·²ä¿å­˜ BTC å¸‚åœºæ•°æ®	{"price": 69194}
[gin-vue-admin]2026/02/11 - 05:49:18.335	[34minfo[0m	/Users/david/Documents/projects/gin-vue-admin/server/service/binance/datasync/btc_market_collector.go:76	âœ… å·²ä¿å­˜ BTC å¸‚åœºæ•°æ®	{"price": 68884}
[gin-vue-admin]2026/02/11 - 06:49:18.304	[34minfo[0m	/Users/david/Documents/projects/gin-vue-admin/server/service/binance/datasync/btc_market_collector.go:76	âœ… å·²ä¿å­˜ BTC å¸‚åœºæ•°æ®	{"price": 68510}
[gin-vue-admin]2026/02/11 - 07:49:18.294	[34minfo[0m	/Users/david/Documents/projects/gin-vue-admin/server/service/binance/datasync/btc_market_collector.go:76	âœ… å·²ä¿å­˜ BTC å¸‚åœºæ•°æ®	{"price": 68618}
[gin-vue-admin]2026/02/11 - 08:49:18.300	[34minfo[0m	/Users/david/Documents/projects/gin-vue-admin/server/service/binance/datasync/btc_market_collector.go:76	âœ… å·²ä¿å­˜ BTC å¸‚åœºæ•°æ®	{"price": 68711}
[gin-vue-admin]2026/02/11 - 09:49:18.326	[34minfo[0m	/Users/david/Documents/projects/gin-vue-admin/server/service/binance/datasync/btc_market_collector.go:76	âœ… å·²ä¿å­˜ BTC å¸‚åœºæ•°æ®	{"price": 69022}
[gin-vue-admin]2026/02/11 - 10:49:18.291	[34minfo[0m	/Users/david/Documents/projects/gin-vue-admin/server/service/binance/datasync/btc_market_collector.go:76	âœ… å·²ä¿å­˜ BTC å¸‚åœºæ•°æ®	{"price": 68986}
[gin-vue-admin]2026/02/11 - 11:49:18.301	[34minfo[0m	/Users/david/Documents/projects/gin-vue-admin/server/service/binance/datasync/btc_market_collector.go:76	âœ… å·²ä¿å­˜ BTC å¸‚åœºæ•°æ®	{"price": 68717}
[gin-vue-admin]2026/02/11 - 12:49:18.311	[34minfo[0m	/Users/david/Documents/projects/gin-vue-admin/server/service/binance/datasync/btc_market_collector.go:76	âœ… å·²ä¿å­˜ BTC å¸‚åœºæ•°æ®	{"price": 68435}
[gin-vue-admin]2026/02/11 - 13:49:18.344	[34minfo[0m	/Users/david/Documents/projects/gin-vue-admin/server/service/binance/datasync/btc_market_collector.go:76	âœ… å·²ä¿å­˜ BTC å¸‚åœºæ•°æ®	{"price": 67513}
[gin-vue-admin]2026/02/11 - 14:49:18.547	[34minfo[0m	/Users/david/Documents/projects/gin-vue-admin/server/service/binance/datasync/btc_market_collector.go:76	âœ… å·²ä¿å­˜ BTC å¸‚åœºæ•°æ®	{"price": 67444}
[gin-vue-admin]2026/02/11 - 15:30:25.956	[34minfo[0m	/Users/david/Documents/projects/gin-vue-admin/server/initialize/timer.go:38	âœ… åŒæ­¥T/Aç³»åˆ—.envæ•°æ® å®šæ—¶ä»»åŠ¡æˆåŠŸ
[gin-vue-admin]2026/02/11 - 15:30:25.956	[34minfo[0m	/Users/david/Documents/projects/gin-vue-admin/server/initialize/timer.go:49	âœ… æ³¨å†Œ BTC å®šæ—¶ä»»åŠ¡æˆåŠŸ
[gin-vue-admin]2026/02/11 - 15:30:25.956	[34minfo[0m	/Users/david/Documents/projects/gin-vue-admin/server/initialize/timer.go:60	âœ… æ³¨å†Œ BTC æˆæœ¬æŒ‡æ ‡ï¼Œå®šæ—¶ä»»åŠ¡æˆåŠŸ
[gin-vue-admin]2026/02/11 - 15:30:26.038	[34minfo[0m	/Users/david/Documents/projects/gin-vue-admin/server/initialize/gorm.go:55	è‡ªåŠ¨è¿ç§»è¡¨æˆåŠŸ
[gin-vue-admin]2026/02/11 - 15:30:31.425	[34minfo[0m	/Users/david/Documents/projects/gin-vue-admin/server/initialize/elasticsearch.go:30	Elasticsearch åˆå§‹åŒ–æˆåŠŸ	{"Version": "6.8.23", "StatusCode": 200}
[gin-vue-admin]2026/02/11 - 15:30:32.089	[34minfo[0m	/Users/david/Documents/projects/gin-vue-admin/server/initialize/router.go:69	register swagger handler
[gin-vue-admin]2026/02/11 - 15:30:32.090	[34minfo[0m	/Users/david/Documents/projects/gin-vue-admin/server/initialize/router.go:121	router register success
[gin-vue-admin]2026/02/11 - 15:30:32.736	[34minfo[0m	/Users/david/Documents/projects/gin-vue-admin/server/modules/ngrok/ngrok_start.go:40	ngrok started	{"url": "https://usurpingly-uncreative-yulanda.ngrok-free.dev"}
[gin-vue-admin]2026/02/11 - 15:30:32.736	[34minfo[0m	/Users/david/Documents/projects/gin-vue-admin/server/core/ngrok.go:27	ngrok ready	{"url": "https://usurpingly-uncreative-yulanda.ngrok-free.dev"}
[gin-vue-admin]2026/02/11 - 15:30:32.736	[34minfo[0m	/Users/david/Documents/projects/gin-vue-admin/server/core/server.go:41	server run success on 	{"address": ":7777"}
[gin-vue-admin]2026/02/11 - 15:50:06.712	[34minfo[0m	/Users/david/Documents/projects/gin-vue-admin/server/initialize/timer.go:38	âœ… åŒæ­¥T/Aç³»åˆ—.envæ•°æ® å®šæ—¶ä»»åŠ¡æˆåŠŸ
[gin-vue-admin]2026/02/11 - 15:50:06.712	[34minfo[0m	/Users/david/Documents/projects/gin-vue-admin/server/initialize/timer.go:49	âœ… æ³¨å†Œ BTC å®šæ—¶ä»»åŠ¡æˆåŠŸ
[gin-vue-admin]2026/02/11 - 15:50:06.712	[34minfo[0m	/Users/david/Documents/projects/gin-vue-admin/server/initialize/timer.go:60	âœ… æ³¨å†Œ BTC æˆæœ¬æŒ‡æ ‡ï¼Œå®šæ—¶ä»»åŠ¡æˆåŠŸ
[gin-vue-admin]2026/02/11 - 15:50:06.812	[34minfo[0m	/Users/david/Documents/projects/gin-vue-admin/server/initialize/gorm.go:55	è‡ªåŠ¨è¿ç§»è¡¨æˆåŠŸ
[gin-vue-admin]2026/02/11 - 15:50:10.987	[34minfo[0m	/Users/david/Documents/projects/gin-vue-admin/server/initialize/elasticsearch.go:30	Elasticsearch åˆå§‹åŒ–æˆåŠŸ	{"Version": "6.8.23", "StatusCode": 200}
[gin-vue-admin]2026/02/11 - 15:50:11.696	[34minfo[0m	/Users/david/Documents/projects/gin-vue-admin/server/initialize/router.go:69	register swagger handler
[gin-vue-admin]2026/02/11 - 15:50:11.697	[34minfo[0m	/Users/david/Documents/projects/gin-vue-admin/server/initialize/router.go:121	router register success
[gin-vue-admin]2026/02/11 - 15:50:12.495	[34minfo[0m	/Users/david/Documents/projects/gin-vue-admin/server/modules/ngrok/ngrok_start.go:40	ngrok started	{"url": "https://usurpingly-uncreative-yulanda.ngrok-free.dev"}
[gin-vue-admin]2026/02/11 - 15:50:12.496	[34minfo[0m	/Users/david/Documents/projects/gin-vue-admin/server/core/ngrok.go:27	ngrok ready	{"url": "https://usurpingly-uncreative-yulanda.ngrok-free.dev"}
[gin-vue-admin]2026/02/11 - 15:50:12.496	[34minfo[0m	/Users/david/Documents/projects/gin-vue-admin/server/core/server.go:41	server run success on 	{"address": ":7777"}
[gin-vue-admin]2026/02/11 - 16:50:06.564	[34minfo[0m	/Users/david/Documents/projects/gin-vue-admin/server/service/binance/datasync/btc_market_collector.go:76	âœ… å·²ä¿å­˜ BTC å¸‚åœºæ•°æ®	{"price": 67093}
[gin-vue-admin]2026/02/11 - 17:50:07.121	[34minfo[0m	/Users/david/Documents/projects/gin-vue-admin/server/service/binance/datasync/btc_market_collector.go:76	âœ… å·²ä¿å­˜ BTC å¸‚åœºæ•°æ®	{"price": 66965}
[gin-vue-admin]2026/02/11 - 18:50:06.335	[34minfo[0m	/Users/david/Documents/projects/gin-vue-admin/server/service/binance/datasync/btc_market_collector.go:76	âœ… å·²ä¿å­˜ BTC å¸‚åœºæ•°æ®	{"price": 66748}
[gin-vue-admin]2026/02/11 - 19:50:06.833	[34minfo[0m	/Users/david/Documents/projects/gin-vue-admin/server/service/binance/datasync/btc_market_collector.go:76	âœ… å·²ä¿å­˜ BTC å¸‚åœºæ•°æ®	{"price": 66659}
[gin-vue-admin]2026/02/11 - 20:29:37.698	[34minfo[0m	/Users/david/Documents/projects/gin-vue-admin/server/initialize/timer.go:38	âœ… åŒæ­¥T/Aç³»åˆ—.envæ•°æ® å®šæ—¶ä»»åŠ¡æˆåŠŸ
[gin-vue-admin]2026/02/11 - 20:29:37.698	[34minfo[0m	/Users/david/Documents/projects/gin-vue-admin/server/initialize/timer.go:49	âœ… æ³¨å†Œ BTC å®šæ—¶ä»»åŠ¡æˆåŠŸ
[gin-vue-admin]2026/02/11 - 20:29:37.698	[34minfo[0m	/Users/david/Documents/projects/gin-vue-admin/server/initialize/timer.go:60	âœ… æ³¨å†Œ BTC æˆæœ¬æŒ‡æ ‡ï¼Œå®šæ—¶ä»»åŠ¡æˆåŠŸ
[gin-vue-admin]2026/02/11 - 20:29:37.784	[34minfo[0m	/Users/david/Documents/projects/gin-vue-admin/server/initialize/gorm.go:55	è‡ªåŠ¨è¿ç§»è¡¨æˆåŠŸ
[gin-vue-admin]2026/02/11 - 20:29:43.626	[34minfo[0m	/Users/david/Documents/projects/gin-vue-admin/server/initialize/elasticsearch.go:30	Elasticsearch åˆå§‹åŒ–æˆåŠŸ	{"Version": "6.8.23", "StatusCode": 200}
[gin-vue-admin]2026/02/11 - 20:29:44.363	[34minfo[0m	/Users/david/Documents/projects/gin-vue-admin/server/initialize/router.go:69	register swagger handler
[gin-vue-admin]2026/02/11 - 20:29:44.364	[34minfo[0m	/Users/david/Documents/projects/gin-vue-admin/server/initialize/router.go:121	router register success
[gin-vue-admin]2026/02/11 - 20:29:45.052	[34minfo[0m	/Users/david/Documents/projects/gin-vue-admin/server/modules/ngrok/ngrok_start.go:40	ngrok started	{"url": "https://usurpingly-uncreative-yulanda.ngrok-free.dev"}
[gin-vue-admin]2026/02/11 - 20:29:45.053	[34minfo[0m	/Users/david/Documents/projects/gin-vue-admin/server/core/ngrok.go:27	ngrok ready	{"url": "https://usurpingly-uncreative-yulanda.ngrok-free.dev"}
[gin-vue-admin]2026/02/11 - 20:29:45.053	[34minfo[0m	/Users/david/Documents/projects/gin-vue-admin/server/core/server.go:41	server run success on 	{"address": ":7777"}
[gin-vue-admin]2026/02/11 - 20:39:52.133	[34minfo[0m	/Users/david/Documents/projects/gin-vue-admin/server/initialize/timer.go:38	âœ… åŒæ­¥T/Aç³»åˆ—.envæ•°æ® å®šæ—¶ä»»åŠ¡æˆåŠŸ
[gin-vue-admin]2026/02/11 - 20:39:52.133	[34minfo[0m	/Users/david/Documents/projects/gin-vue-admin/server/initialize/timer.go:49	âœ… æ³¨å†Œ BTC å®šæ—¶ä»»åŠ¡æˆåŠŸ
[gin-vue-admin]2026/02/11 - 20:39:52.133	[34minfo[0m	/Users/david/Documents/projects/gin-vue-admin/server/initialize/timer.go:60	âœ… æ³¨å†Œ BTC æˆæœ¬æŒ‡æ ‡ï¼Œå®šæ—¶ä»»åŠ¡æˆåŠŸ
[gin-vue-admin]2026/02/11 - 20:39:52.227	[34minfo[0m	/Users/david/Documents/projects/gin-vue-admin/server/initialize/gorm.go:55	è‡ªåŠ¨è¿ç§»è¡¨æˆåŠŸ
[gin-vue-admin]2026/02/11 - 20:39:57.614	[34minfo[0m	/Users/david/Documents/projects/gin-vue-admin/server/initialize/elasticsearch.go:30	Elasticsearch åˆå§‹åŒ–æˆåŠŸ	{"Version": "6.8.23", "StatusCode": 200}
[gin-vue-admin]2026/02/11 - 20:39:58.746	[34minfo[0m	/Users/david/Documents/projects/gin-vue-admin/server/initialize/router.go:69	register swagger handler
[gin-vue-admin]2026/02/11 - 20:39:58.748	[34minfo[0m	/Users/david/Documents/projects/gin-vue-admin/server/initialize/router.go:121	router register success
[gin-vue-admin]2026/02/11 - 20:39:59.649	[34minfo[0m	/Users/david/Documents/projects/gin-vue-admin/server/modules/ngrok/ngrok_start.go:40	ngrok started	{"url": "https://usurpingly-uncreative-yulanda.ngrok-free.dev"}
[gin-vue-admin]2026/02/11 - 20:39:59.650	[34minfo[0m	/Users/david/Documents/projects/gin-vue-admin/server/core/ngrok.go:27	ngrok ready	{"url": "https://usurpingly-uncreative-yulanda.ngrok-free.dev"}
[gin-vue-admin]2026/02/11 - 20:39:59.650	[34minfo[0m	/Users/david/Documents/projects/gin-vue-admin/server/core/server.go:41	server run success on 	{"address": ":7777"}
[gin-vue-admin]2026/02/11 - 20:53:07.821	[34minfo[0m	/Users/david/Documents/projects/gin-vue-admin/server/initialize/timer.go:38	âœ… åŒæ­¥T/Aç³»åˆ—.envæ•°æ® å®šæ—¶ä»»åŠ¡æˆåŠŸ
[gin-vue-admin]2026/02/11 - 20:53:07.821	[34minfo[0m	/Users/david/Documents/projects/gin-vue-admin/server/initialize/timer.go:49	âœ… æ³¨å†Œ BTC å®šæ—¶ä»»åŠ¡æˆåŠŸ
[gin-vue-admin]2026/02/11 - 20:53:07.821	[34minfo[0m	/Users/david/Documents/projects/gin-vue-admin/server/initialize/timer.go:60	âœ… æ³¨å†Œ BTC æˆæœ¬æŒ‡æ ‡ï¼Œå®šæ—¶ä»»åŠ¡æˆåŠŸ
[gin-vue-admin]2026/02/11 - 20:53:07.916	[34minfo[0m	/Users/david/Documents/projects/gin-vue-admin/server/initialize/gorm.go:55	è‡ªåŠ¨è¿ç§»è¡¨æˆåŠŸ
[gin-vue-admin]2026/02/11 - 20:53:13.590	[34minfo[0m	/Users/david/Documents/projects/gin-vue-admin/server/initialize/elasticsearch.go:30	Elasticsearch åˆå§‹åŒ–æˆåŠŸ	{"Version": "6.8.23", "StatusCode": 200}
[gin-vue-admin]2026/02/11 - 20:53:14.417	[34minfo[0m	/Users/david/Documents/projects/gin-vue-admin/server/initialize/router.go:69	register swagger handler
[gin-vue-admin]2026/02/11 - 20:53:14.418	[34minfo[0m	/Users/david/Documents/projects/gin-vue-admin/server/initialize/router.go:121	router register success
[gin-vue-admin]2026/02/11 - 20:53:15.643	[34minfo[0m	/Users/david/Documents/projects/gin-vue-admin/server/modules/ngrok/ngrok_start.go:40	ngrok started	{"url": "https://usurpingly-uncreative-yulanda.ngrok-free.dev"}
[gin-vue-admin]2026/02/11 - 20:53:15.644	[34minfo[0m	/Users/david/Documents/projects/gin-vue-admin/server/core/ngrok.go:27	ngrok ready	{"url": "https://usurpingly-uncreative-yulanda.ngrok-free.dev"}
[gin-vue-admin]2026/02/11 - 20:53:15.644	[34minfo[0m	/Users/david/Documents/projects/gin-vue-admin/server/core/server.go:41	server run success on 	{"address": ":7777"}
[gin-vue-admin]2026/02/11 - 21:06:34.940	[34minfo[0m	/Users/david/Documents/projects/gin-vue-admin/server/initialize/timer.go:38	âœ… åŒæ­¥T/Aç³»åˆ—.envæ•°æ® å®šæ—¶ä»»åŠ¡æˆåŠŸ
[gin-vue-admin]2026/02/11 - 21:06:34.941	[34minfo[0m	/Users/david/Documents/projects/gin-vue-admin/server/initialize/timer.go:49	âœ… æ³¨å†Œ BTC å®šæ—¶ä»»åŠ¡æˆåŠŸ
[gin-vue-admin]2026/02/11 - 21:06:34.941	[34minfo[0m	/Users/david/Documents/projects/gin-vue-admin/server/initialize/timer.go:60	âœ… æ³¨å†Œ BTC æˆæœ¬æŒ‡æ ‡ï¼Œå®šæ—¶ä»»åŠ¡æˆåŠŸ
[gin-vue-admin]2026/02/11 - 21:06:35.016	[34minfo[0m	/Users/david/Documents/projects/gin-vue-admin/server/initialize/gorm.go:55	è‡ªåŠ¨è¿ç§»è¡¨æˆåŠŸ
[gin-vue-admin]2026/02/11 - 21:06:39.347	[34minfo[0m	/Users/david/Documents/projects/gin-vue-admin/server/initialize/elasticsearch.go:30	Elasticsearch åˆå§‹åŒ–æˆåŠŸ	{"Version": "6.8.23", "StatusCode": 200}
[gin-vue-admin]2026/02/11 - 21:06:40.519	[34minfo[0m	/Users/david/Documents/projects/gin-vue-admin/server/initialize/router.go:69	register swagger handler
[gin-vue-admin]2026/02/11 - 21:06:40.521	[34minfo[0m	/Users/david/Documents/projects/gin-vue-admin/server/initialize/router.go:121	router register success
[gin-vue-admin]2026/02/11 - 21:06:41.461	[34minfo[0m	/Users/david/Documents/projects/gin-vue-admin/server/modules/ngrok/ngrok_start.go:40	ngrok started	{"url": "https://usurpingly-uncreative-yulanda.ngrok-free.dev"}
[gin-vue-admin]2026/02/11 - 21:06:41.461	[34minfo[0m	/Users/david/Documents/projects/gin-vue-admin/server/core/ngrok.go:27	ngrok ready	{"url": "https://usurpingly-uncreative-yulanda.ngrok-free.dev"}
[gin-vue-admin]2026/02/11 - 21:06:41.461	[34minfo[0m	/Users/david/Documents/projects/gin-vue-admin/server/core/server.go:41	server run success on 	{"address": ":7777"}
[gin-vue-admin]2026/02/11 - 21:22:27.878	[34minfo[0m	/Users/david/Documents/projects/gin-vue-admin/server/initialize/timer.go:38	âœ… åŒæ­¥T/Aç³»åˆ—.envæ•°æ® å®šæ—¶ä»»åŠ¡æˆåŠŸ
[gin-vue-admin]2026/02/11 - 21:22:27.878	[34minfo[0m	/Users/david/Documents/projects/gin-vue-admin/server/initialize/timer.go:49	âœ… æ³¨å†Œ BTC å®šæ—¶ä»»åŠ¡æˆåŠŸ
[gin-vue-admin]2026/02/11 - 21:22:27.878	[34minfo[0m	/Users/david/Documents/projects/gin-vue-admin/server/initialize/timer.go:60	âœ… æ³¨å†Œ BTC æˆæœ¬æŒ‡æ ‡ï¼Œå®šæ—¶ä»»åŠ¡æˆåŠŸ
[gin-vue-admin]2026/02/11 - 21:22:27.955	[34minfo[0m	/Users/david/Documents/projects/gin-vue-admin/server/initialize/gorm.go:55	è‡ªåŠ¨è¿ç§»è¡¨æˆåŠŸ
[gin-vue-admin]2026/02/11 - 21:22:33.992	[34minfo[0m	/Users/david/Documents/projects/gin-vue-admin/server/initialize/elasticsearch.go:30	Elasticsearch åˆå§‹åŒ–æˆåŠŸ	{"Version": "6.8.23", "StatusCode": 200}
[gin-vue-admin]2026/02/11 - 21:22:34.838	[34minfo[0m	/Users/david/Documents/projects/gin-vue-admin/server/initialize/router.go:69	register swagger handler
[gin-vue-admin]2026/02/11 - 21:22:34.838	[34minfo[0m	/Users/david/Documents/projects/gin-vue-admin/server/initialize/router.go:121	router register success
[gin-vue-admin]2026/02/11 - 21:22:35.823	[34minfo[0m	/Users/david/Documents/projects/gin-vue-admin/server/modules/ngrok/ngrok_start.go:40	ngrok started	{"url": "https://usurpingly-uncreative-yulanda.ngrok-free.dev"}
[gin-vue-admin]2026/02/11 - 21:22:35.824	[34minfo[0m	/Users/david/Documents/projects/gin-vue-admin/server/core/ngrok.go:27	ngrok ready	{"url": "https://usurpingly-uncreative-yulanda.ngrok-free.dev"}
[gin-vue-admin]2026/02/11 - 21:22:35.825	[34minfo[0m	/Users/david/Documents/projects/gin-vue-admin/server/core/server.go:41	server run success on 	{"address": ":7777"}
[gin-vue-admin]2026/02/11 - 21:24:08.822	[34minfo[0m	/Users/david/Documents/projects/gin-vue-admin/server/initialize/timer.go:38	âœ… åŒæ­¥T/Aç³»åˆ—.envæ•°æ® å®šæ—¶ä»»åŠ¡æˆåŠŸ
[gin-vue-admin]2026/02/11 - 21:24:08.822	[34minfo[0m	/Users/david/Documents/projects/gin-vue-admin/server/initialize/timer.go:49	âœ… æ³¨å†Œ BTC å®šæ—¶ä»»åŠ¡æˆåŠŸ
[gin-vue-admin]2026/02/11 - 21:24:08.822	[34minfo[0m	/Users/david/Documents/projects/gin-vue-admin/server/initialize/timer.go:60	âœ… æ³¨å†Œ BTC æˆæœ¬æŒ‡æ ‡ï¼Œå®šæ—¶ä»»åŠ¡æˆåŠŸ
[gin-vue-admin]2026/02/11 - 21:24:08.907	[34minfo[0m	/Users/david/Documents/projects/gin-vue-admin/server/initialize/gorm.go:55	è‡ªåŠ¨è¿ç§»è¡¨æˆåŠŸ
[gin-vue-admin]2026/02/11 - 21:24:13.114	[34minfo[0m	/Users/david/Documents/projects/gin-vue-admin/server/initialize/elasticsearch.go:30	Elasticsearch åˆå§‹åŒ–æˆåŠŸ	{"Version": "6.8.23", "StatusCode": 200}
[gin-vue-admin]2026/02/11 - 21:24:14.201	[34minfo[0m	/Users/david/Documents/projects/gin-vue-admin/server/initialize/router.go:69	register swagger handler
[gin-vue-admin]2026/02/11 - 21:24:14.202	[34minfo[0m	/Users/david/Documents/projects/gin-vue-admin/server/initialize/router.go:121	router register success
[gin-vue-admin]2026/02/11 - 21:24:14.985	[34minfo[0m	/Users/david/Documents/projects/gin-vue-admin/server/modules/ngrok/ngrok_start.go:40	ngrok started	{"url": "https://usurpingly-uncreative-yulanda.ngrok-free.dev"}
[gin-vue-admin]2026/02/11 - 21:24:14.985	[34minfo[0m	/Users/david/Documents/projects/gin-vue-admin/server/core/ngrok.go:27	ngrok ready	{"url": "https://usurpingly-uncreative-yulanda.ngrok-free.dev"}
[gin-vue-admin]2026/02/11 - 21:24:14.986	[34minfo[0m	/Users/david/Documents/projects/gin-vue-admin/server/core/server.go:41	server run success on 	{"address": ":7777"}
[gin-vue-admin]2026/02/11 - 21:35:57.948	[34minfo[0m	/Users/david/Documents/projects/gin-vue-admin/server/initialize/timer.go:38	âœ… åŒæ­¥T/Aç³»åˆ—.envæ•°æ® å®šæ—¶ä»»åŠ¡æˆåŠŸ
[gin-vue-admin]2026/02/11 - 21:35:57.949	[34minfo[0m	/Users/david/Documents/projects/gin-vue-admin/server/initialize/timer.go:49	âœ… æ³¨å†Œ BTC å®šæ—¶ä»»åŠ¡æˆåŠŸ
[gin-vue-admin]2026/02/11 - 21:35:57.949	[34minfo[0m	/Users/david/Documents/projects/gin-vue-admin/server/initialize/timer.go:60	âœ… æ³¨å†Œ BTC æˆæœ¬æŒ‡æ ‡ï¼Œå®šæ—¶ä»»åŠ¡æˆåŠŸ
[gin-vue-admin]2026/02/11 - 21:35:58.047	[34minfo[0m	/Users/david/Documents/projects/gin-vue-admin/server/initialize/gorm.go:55	è‡ªåŠ¨è¿ç§»è¡¨æˆåŠŸ
[gin-vue-admin]2026/02/11 - 21:36:03.654	[34minfo[0m	/Users/david/Documents/projects/gin-vue-admin/server/initialize/elasticsearch.go:30	Elasticsearch åˆå§‹åŒ–æˆåŠŸ	{"Version": "6.8.23", "StatusCode": 200}
[gin-vue-admin]2026/02/11 - 21:36:04.307	[34minfo[0m	/Users/david/Documents/projects/gin-vue-admin/server/initialize/router.go:69	register swagger handler
[gin-vue-admin]2026/02/11 - 21:36:04.307	[34minfo[0m	/Users/david/Documents/projects/gin-vue-admin/server/initialize/router.go:121	router register success
[gin-vue-admin]2026/02/11 - 21:36:04.971	[34minfo[0m	/Users/david/Documents/projects/gin-vue-admin/server/modules/ngrok/ngrok_start.go:40	ngrok started	{"url": "https://usurpingly-uncreative-yulanda.ngrok-free.dev"}
[gin-vue-admin]2026/02/11 - 21:36:04.972	[34minfo[0m	/Users/david/Documents/projects/gin-vue-admin/server/core/ngrok.go:27	ngrok ready	{"url": "https://usurpingly-uncreative-yulanda.ngrok-free.dev"}
[gin-vue-admin]2026/02/11 - 21:36:04.972	[34minfo[0m	/Users/david/Documents/projects/gin-vue-admin/server/core/server.go:41	server run success on 	{"address": ":7777"}
[gin-vue-admin]2026/02/11 - 21:36:45.387	[34minfo[0m	/Users/david/Documents/projects/gin-vue-admin/server/initialize/timer.go:38	âœ… åŒæ­¥T/Aç³»åˆ—.envæ•°æ® å®šæ—¶ä»»åŠ¡æˆåŠŸ
[gin-vue-admin]2026/02/11 - 21:36:45.387	[34minfo[0m	/Users/david/Documents/projects/gin-vue-admin/server/initialize/timer.go:49	âœ… æ³¨å†Œ BTC å®šæ—¶ä»»åŠ¡æˆåŠŸ
[gin-vue-admin]2026/02/11 - 21:36:45.388	[34minfo[0m	/Users/david/Documents/projects/gin-vue-admin/server/initialize/timer.go:60	âœ… æ³¨å†Œ BTC æˆæœ¬æŒ‡æ ‡ï¼Œå®šæ—¶ä»»åŠ¡æˆåŠŸ
[gin-vue-admin]2026/02/11 - 21:36:45.464	[34minfo[0m	/Users/david/Documents/projects/gin-vue-admin/server/initialize/gorm.go:55	è‡ªåŠ¨è¿ç§»è¡¨æˆåŠŸ
[gin-vue-admin]2026/02/11 - 21:36:49.097	[34minfo[0m	/Users/david/Documents/projects/gin-vue-admin/server/initialize/elasticsearch.go:30	Elasticsearch åˆå§‹åŒ–æˆåŠŸ	{"Version": "6.8.23", "StatusCode": 200}
[gin-vue-admin]2026/02/11 - 21:36:50.137	[34minfo[0m	/Users/david/Documents/projects/gin-vue-admin/server/initialize/router.go:69	register swagger handler
[gin-vue-admin]2026/02/11 - 21:36:50.139	[34minfo[0m	/Users/david/Documents/projects/gin-vue-admin/server/initialize/router.go:121	router register success
[gin-vue-admin]2026/02/11 - 21:36:50.803	[34minfo[0m	/Users/david/Documents/projects/gin-vue-admin/server/modules/ngrok/ngrok_start.go:40	ngrok started	{"url": "https://usurpingly-uncreative-yulanda.ngrok-free.dev"}
[gin-vue-admin]2026/02/11 - 21:36:50.803	[34minfo[0m	/Users/david/Documents/projects/gin-vue-admin/server/core/ngrok.go:27	ngrok ready	{"url": "https://usurpingly-uncreative-yulanda.ngrok-free.dev"}
[gin-vue-admin]2026/02/11 - 21:36:50.804	[34minfo[0m	/Users/david/Documents/projects/gin-vue-admin/server/core/server.go:41	server run success on 	{"address": ":7777"}
[gin-vue-admin]2026/02/11 - 22:14:31.624	[34minfo[0m	/Users/david/Documents/projects/gin-vue-admin/server/initialize/timer.go:38	âœ… åŒæ­¥T/Aç³»åˆ—.envæ•°æ® å®šæ—¶ä»»åŠ¡æˆåŠŸ
[gin-vue-admin]2026/02/11 - 22:14:31.625	[34minfo[0m	/Users/david/Documents/projects/gin-vue-admin/server/initialize/timer.go:49	âœ… æ³¨å†Œ BTC å®šæ—¶ä»»åŠ¡æˆåŠŸ
[gin-vue-admin]2026/02/11 - 22:14:31.625	[34minfo[0m	/Users/david/Documents/projects/gin-vue-admin/server/initialize/timer.go:60	âœ… æ³¨å†Œ BTC æˆæœ¬æŒ‡æ ‡ï¼Œå®šæ—¶ä»»åŠ¡æˆåŠŸ
[gin-vue-admin]2026/02/11 - 22:14:31.740	[34minfo[0m	/Users/david/Documents/projects/gin-vue-admin/server/initialize/gorm.go:55	è‡ªåŠ¨è¿ç§»è¡¨æˆåŠŸ
[gin-vue-admin]2026/02/11 - 22:14:38.550	[34minfo[0m	/Users/david/Documents/projects/gin-vue-admin/server/initialize/elasticsearch.go:30	Elasticsearch åˆå§‹åŒ–æˆåŠŸ	{"Version": "6.8.23", "StatusCode": 200}
[gin-vue-admin]2026/02/11 - 22:14:39.274	[34minfo[0m	/Users/david/Documents/projects/gin-vue-admin/server/initialize/router.go:69	register swagger handler
[gin-vue-admin]2026/02/11 - 22:14:39.274	[34minfo[0m	/Users/david/Documents/projects/gin-vue-admin/server/initialize/router.go:121	router register success
[gin-vue-admin]2026/02/11 - 22:14:39.949	[34minfo[0m	/Users/david/Documents/projects/gin-vue-admin/server/modules/ngrok/ngrok_start.go:40	ngrok started	{"url": "https://usurpingly-uncreative-yulanda.ngrok-free.dev"}
[gin-vue-admin]2026/02/11 - 22:14:39.950	[34minfo[0m	/Users/david/Documents/projects/gin-vue-admin/server/core/ngrok.go:27	ngrok ready	{"url": "https://usurpingly-uncreative-yulanda.ngrok-free.dev"}
[gin-vue-admin]2026/02/11 - 22:14:39.950	[34minfo[0m	/Users/david/Documents/projects/gin-vue-admin/server/core/server.go:41	server run success on 	{"address": ":7777"}
[gin-vue-admin]2026/02/11 - 23:14:31.349	[34minfo[0m	/Users/david/Documents/projects/gin-vue-admin/server/service/binance/datasync/btc_market_collector.go:76	âœ… å·²ä¿å­˜ BTC å¸‚åœºæ•°æ®	{"price": 68374}
