[gin-vue-admin]2026/02/12 - 00:14:31.307	[34minfo[0m	/Users/david/Documents/projects/gin-vue-admin/server/service/binance/datasync/btc_market_collector.go:76	âœ… å·²ä¿å­˜ BTC å¸‚åœºæ•°æ®	{"price": 65947}
[gin-vue-admin]2026/02/12 - 01:14:31.348	[34minfo[0m	/Users/david/Documents/projects/gin-vue-admin/server/service/binance/datasync/btc_market_collector.go:76	âœ… å·²ä¿å­˜ BTC å¸‚åœºæ•°æ®	{"price": 66958}
[gin-vue-admin]2026/02/12 - 02:14:31.318	[34minfo[0m	/Users/david/Documents/projects/gin-vue-admin/server/service/binance/datasync/btc_market_collector.go:76	âœ… å·²ä¿å­˜ BTC å¸‚åœºæ•°æ®	{"price": 66215}
[gin-vue-admin]2026/02/12 - 03:14:31.299	[34minfo[0m	/Users/david/Documents/projects/gin-vue-admin/server/service/binance/datasync/btc_market_collector.go:76	âœ… å·²ä¿å­˜ BTC å¸‚åœºæ•°æ®	{"price": 66237}
[gin-vue-admin]2026/02/12 - 04:14:31.343	[34minfo[0m	/Users/david/Documents/projects/gin-vue-admin/server/service/binance/datasync/btc_market_collector.go:76	âœ… å·²ä¿å­˜ BTC å¸‚åœºæ•°æ®	{"price": 67475}
[gin-vue-admin]2026/02/12 - 05:14:31.291	[34minfo[0m	/Users/david/Documents/projects/gin-vue-admin/server/service/binance/datasync/btc_market_collector.go:76	âœ… å·²ä¿å­˜ BTC å¸‚åœºæ•°æ®	{"price": 67513}
[gin-vue-admin]2026/02/12 - 06:14:31.365	[34minfo[0m	/Users/david/Documents/projects/gin-vue-admin/server/service/binance/datasync/btc_market_collector.go:76	âœ… å·²ä¿å­˜ BTC å¸‚åœºæ•°æ®	{"price": 67647}
[gin-vue-admin]2026/02/12 - 07:14:31.316	[34minfo[0m	/Users/david/Documents/projects/gin-vue-admin/server/service/binance/datasync/btc_market_collector.go:76	âœ… å·²ä¿å­˜ BTC å¸‚åœºæ•°æ®	{"price": 67622}
[gin-vue-admin]2026/02/12 - 08:14:31.302	[34minfo[0m	/Users/david/Documents/projects/gin-vue-admin/server/service/binance/datasync/btc_market_collector.go:76	âœ… å·²ä¿å­˜ BTC å¸‚åœºæ•°æ®	{"price": 67225}
[gin-vue-admin]2026/02/12 - 09:14:31.291	[34minfo[0m	/Users/david/Documents/projects/gin-vue-admin/server/service/binance/datasync/btc_market_collector.go:76	âœ… å·²ä¿å­˜ BTC å¸‚åœºæ•°æ®	{"price": 67306}
[gin-vue-admin]2026/02/12 - 10:14:31.460	[34minfo[0m	/Users/david/Documents/projects/gin-vue-admin/server/service/binance/datasync/btc_market_collector.go:76	âœ… å·²ä¿å­˜ BTC å¸‚åœºæ•°æ®	{"price": 67590}
[gin-vue-admin]2026/02/12 - 11:14:31.325	[34minfo[0m	/Users/david/Documents/projects/gin-vue-admin/server/service/binance/datasync/btc_market_collector.go:76	âœ… å·²ä¿å­˜ BTC å¸‚åœºæ•°æ®	{"price": 67592}
[gin-vue-admin]2026/02/12 - 12:14:31.431	[34minfo[0m	/Users/david/Documents/projects/gin-vue-admin/server/service/binance/datasync/btc_market_collector.go:76	âœ… å·²ä¿å­˜ BTC å¸‚åœºæ•°æ®	{"price": 67451}
[gin-vue-admin]2026/02/12 - 13:14:31.371	[34minfo[0m	/Users/david/Documents/projects/gin-vue-admin/server/service/binance/datasync/btc_market_collector.go:76	âœ… å·²ä¿å­˜ BTC å¸‚åœºæ•°æ®	{"price": 67583}
[gin-vue-admin]2026/02/12 - 13:31:01.420	[34minfo[0m	/Users/david/Documents/projects/gin-vue-admin/server/initialize/timer.go:38	âœ… åŒæ­¥T/Aç³»åˆ—.envæ•°æ® å®šæ—¶ä»»åŠ¡æˆåŠŸ
[gin-vue-admin]2026/02/12 - 13:31:01.421	[34minfo[0m	/Users/david/Documents/projects/gin-vue-admin/server/initialize/timer.go:49	âœ… æ³¨å†Œ BTC å®šæ—¶ä»»åŠ¡æˆåŠŸ
[gin-vue-admin]2026/02/12 - 13:31:01.421	[34minfo[0m	/Users/david/Documents/projects/gin-vue-admin/server/initialize/timer.go:60	âœ… æ³¨å†Œ BTC æˆæœ¬æŒ‡æ ‡ï¼Œå®šæ—¶ä»»åŠ¡æˆåŠŸ
[gin-vue-admin]2026/02/12 - 13:31:01.520	[34minfo[0m	/Users/david/Documents/projects/gin-vue-admin/server/initialize/gorm.go:55	è‡ªåŠ¨è¿ç§»è¡¨æˆåŠŸ
[gin-vue-admin]2026/02/12 - 13:31:07.218	[34minfo[0m	/Users/david/Documents/projects/gin-vue-admin/server/initialize/elasticsearch.go:30	Elasticsearch åˆå§‹åŒ–æˆåŠŸ	{"Version": "6.8.23", "StatusCode": 200}
[gin-vue-admin]2026/02/12 - 13:31:07.926	[34minfo[0m	/Users/david/Documents/projects/gin-vue-admin/server/initialize/router.go:69	register swagger handler
[gin-vue-admin]2026/02/12 - 13:31:07.926	[34minfo[0m	/Users/david/Documents/projects/gin-vue-admin/server/initialize/router.go:121	router register success
[gin-vue-admin]2026/02/12 - 13:31:08.597	[34minfo[0m	/Users/david/Documents/projects/gin-vue-admin/server/modules/ngrok/ngrok_start.go:40	ngrok started	{"url": "https://usurpingly-uncreative-yulanda.ngrok-free.dev"}
[gin-vue-admin]2026/02/12 - 13:31:08.597	[34minfo[0m	/Users/david/Documents/projects/gin-vue-admin/server/core/ngrok.go:27	ngrok ready	{"url": "https://usurpingly-uncreative-yulanda.ngrok-free.dev"}
[gin-vue-admin]2026/02/12 - 13:31:08.597	[34minfo[0m	/Users/david/Documents/projects/gin-vue-admin/server/core/server.go:41	server run success on 	{"address": ":7777"}
[gin-vue-admin]2026/02/12 - 13:39:23.916	[34minfo[0m	/Users/david/Documents/projects/gin-vue-admin/server/initialize/timer.go:38	âœ… åŒæ­¥T/Aç³»åˆ—.envæ•°æ® å®šæ—¶ä»»åŠ¡æˆåŠŸ
[gin-vue-admin]2026/02/12 - 13:39:23.916	[34minfo[0m	/Users/david/Documents/projects/gin-vue-admin/server/initialize/timer.go:49	âœ… æ³¨å†Œ BTC å®šæ—¶ä»»åŠ¡æˆåŠŸ
[gin-vue-admin]2026/02/12 - 13:39:23.916	[34minfo[0m	/Users/david/Documents/projects/gin-vue-admin/server/initialize/timer.go:60	âœ… æ³¨å†Œ BTC æˆæœ¬æŒ‡æ ‡ï¼Œå®šæ—¶ä»»åŠ¡æˆåŠŸ
[gin-vue-admin]2026/02/12 - 13:39:23.998	[34minfo[0m	/Users/david/Documents/projects/gin-vue-admin/server/initialize/gorm.go:55	è‡ªåŠ¨è¿ç§»è¡¨æˆåŠŸ
[gin-vue-admin]2026/02/12 - 13:39:28.147	[34minfo[0m	/Users/david/Documents/projects/gin-vue-admin/server/initialize/elasticsearch.go:30	Elasticsearch åˆå§‹åŒ–æˆåŠŸ	{"Version": "6.8.23", "StatusCode": 200}
[gin-vue-admin]2026/02/12 - 13:39:28.914	[34minfo[0m	/Users/david/Documents/projects/gin-vue-admin/server/initialize/router.go:69	register swagger handler
[gin-vue-admin]2026/02/12 - 13:39:28.916	[34minfo[0m	/Users/david/Documents/projects/gin-vue-admin/server/initialize/router.go:121	router register success
[gin-vue-admin]2026/02/12 - 13:39:29.425	[34minfo[0m	/Users/david/Documents/projects/gin-vue-admin/server/modules/ngrok/ngrok_start.go:40	ngrok started	{"url": "https://usurpingly-uncreative-yulanda.ngrok-free.dev"}
[gin-vue-admin]2026/02/12 - 13:39:29.426	[34minfo[0m	/Users/david/Documents/projects/gin-vue-admin/server/core/ngrok.go:27	ngrok ready	{"url": "https://usurpingly-uncreative-yulanda.ngrok-free.dev"}
[gin-vue-admin]2026/02/12 - 13:39:29.426	[34minfo[0m	/Users/david/Documents/projects/gin-vue-admin/server/core/server.go:41	server run success on 	{"address": ":7777"}
[gin-vue-admin]2026/02/12 - 13:41:37.219	[34minfo[0m	/Users/david/Documents/projects/gin-vue-admin/server/initialize/timer.go:38	âœ… åŒæ­¥T/Aç³»åˆ—.envæ•°æ® å®šæ—¶ä»»åŠ¡æˆåŠŸ
[gin-vue-admin]2026/02/12 - 13:41:37.220	[34minfo[0m	/Users/david/Documents/projects/gin-vue-admin/server/initialize/timer.go:49	âœ… æ³¨å†Œ BTC å®šæ—¶ä»»åŠ¡æˆåŠŸ
[gin-vue-admin]2026/02/12 - 13:41:37.220	[34minfo[0m	/Users/david/Documents/projects/gin-vue-admin/server/initialize/timer.go:60	âœ… æ³¨å†Œ BTC æˆæœ¬æŒ‡æ ‡ï¼Œå®šæ—¶ä»»åŠ¡æˆåŠŸ
[gin-vue-admin]2026/02/12 - 13:41:37.287	[34minfo[0m	/Users/david/Documents/projects/gin-vue-admin/server/initialize/gorm.go:55	è‡ªåŠ¨è¿ç§»è¡¨æˆåŠŸ
[gin-vue-admin]2026/02/12 - 13:41:41.422	[34minfo[0m	/Users/david/Documents/projects/gin-vue-admin/server/initialize/elasticsearch.go:30	Elasticsearch åˆå§‹åŒ–æˆåŠŸ	{"Version": "6.8.23", "StatusCode": 200}
[gin-vue-admin]2026/02/12 - 13:41:42.135	[34minfo[0m	/Users/david/Documents/projects/gin-vue-admin/server/initialize/router.go:69	register swagger handler
[gin-vue-admin]2026/02/12 - 13:41:42.135	[34minfo[0m	/Users/david/Documents/projects/gin-vue-admin/server/initialize/router.go:121	router register success
[gin-vue-admin]2026/02/12 - 13:41:42.848	[34minfo[0m	/Users/david/Documents/projects/gin-vue-admin/server/modules/ngrok/ngrok_start.go:40	ngrok started	{"url": "https://usurpingly-uncreative-yulanda.ngrok-free.dev"}
[gin-vue-admin]2026/02/12 - 13:41:42.848	[34minfo[0m	/Users/david/Documents/projects/gin-vue-admin/server/core/ngrok.go:27	ngrok ready	{"url": "https://usurpingly-uncreative-yulanda.ngrok-free.dev"}
[gin-vue-admin]2026/02/12 - 13:41:42.848	[34minfo[0m	/Users/david/Documents/projects/gin-vue-admin/server/core/server.go:41	server run success on 	{"address": ":7777"}
[gin-vue-admin]2026/02/12 - 14:30:04.908	[34minfo[0m	/Users/david/Documents/projects/gin-vue-admin/server/initialize/timer.go:38	âœ… åŒæ­¥T/Aç³»åˆ—.envæ•°æ® å®šæ—¶ä»»åŠ¡æˆåŠŸ
[gin-vue-admin]2026/02/12 - 14:30:04.909	[34minfo[0m	/Users/david/Documents/projects/gin-vue-admin/server/initialize/timer.go:49	âœ… æ³¨å†Œ BTC å®šæ—¶ä»»åŠ¡æˆåŠŸ
[gin-vue-admin]2026/02/12 - 14:30:04.909	[34minfo[0m	/Users/david/Documents/projects/gin-vue-admin/server/initialize/timer.go:60	âœ… æ³¨å†Œ BTC æˆæœ¬æŒ‡æ ‡ï¼Œå®šæ—¶ä»»åŠ¡æˆåŠŸ
[gin-vue-admin]2026/02/12 - 14:30:04.985	[34minfo[0m	/Users/david/Documents/projects/gin-vue-admin/server/initialize/gorm.go:55	è‡ªåŠ¨è¿ç§»è¡¨æˆåŠŸ
[gin-vue-admin]2026/02/12 - 14:30:09.020	[34minfo[0m	/Users/david/Documents/projects/gin-vue-admin/server/initialize/elasticsearch.go:30	Elasticsearch åˆå§‹åŒ–æˆåŠŸ	{"Version": "6.8.23", "StatusCode": 200}
[gin-vue-admin]2026/02/12 - 14:30:09.916	[34minfo[0m	/Users/david/Documents/projects/gin-vue-admin/server/initialize/router.go:69	register swagger handler
[gin-vue-admin]2026/02/12 - 14:30:09.917	[34minfo[0m	/Users/david/Documents/projects/gin-vue-admin/server/initialize/router.go:121	router register success
[gin-vue-admin]2026/02/12 - 14:30:10.675	[34minfo[0m	/Users/david/Documents/projects/gin-vue-admin/server/modules/ngrok/ngrok_start.go:40	ngrok started	{"url": "https://usurpingly-uncreative-yulanda.ngrok-free.dev"}
[gin-vue-admin]2026/02/12 - 14:30:10.675	[34minfo[0m	/Users/david/Documents/projects/gin-vue-admin/server/core/ngrok.go:27	ngrok ready	{"url": "https://usurpingly-uncreative-yulanda.ngrok-free.dev"}
[gin-vue-admin]2026/02/12 - 14:30:10.676	[34minfo[0m	/Users/david/Documents/projects/gin-vue-admin/server/core/server.go:41	server run success on 	{"address": ":7777"}
[gin-vue-admin]2026/02/12 - 14:51:32.291	[34minfo[0m	/Users/david/Documents/projects/gin-vue-admin/server/initialize/timer.go:38	âœ… åŒæ­¥T/Aç³»åˆ—.envæ•°æ® å®šæ—¶ä»»åŠ¡æˆåŠŸ
[gin-vue-admin]2026/02/12 - 14:51:32.291	[34minfo[0m	/Users/david/Documents/projects/gin-vue-admin/server/initialize/timer.go:49	âœ… æ³¨å†Œ BTC å®šæ—¶ä»»åŠ¡æˆåŠŸ
[gin-vue-admin]2026/02/12 - 14:51:32.291	[34minfo[0m	/Users/david/Documents/projects/gin-vue-admin/server/initialize/timer.go:60	âœ… æ³¨å†Œ BTC æˆæœ¬æŒ‡æ ‡ï¼Œå®šæ—¶ä»»åŠ¡æˆåŠŸ
[gin-vue-admin]2026/02/12 - 14:51:32.382	[34minfo[0m	/Users/david/Documents/projects/gin-vue-admin/server/initialize/gorm.go:55	è‡ªåŠ¨è¿ç§»è¡¨æˆåŠŸ
[gin-vue-admin]2026/02/12 - 14:51:36.061	[34minfo[0m	/Users/david/Documents/projects/gin-vue-admin/server/initialize/elasticsearch.go:30	Elasticsearch åˆå§‹åŒ–æˆåŠŸ	{"Version": "6.8.23", "StatusCode": 200}
[gin-vue-admin]2026/02/12 - 14:51:36.751	[34minfo[0m	/Users/david/Documents/projects/gin-vue-admin/server/initialize/router.go:69	register swagger handler
[gin-vue-admin]2026/02/12 - 14:51:36.751	[34minfo[0m	/Users/david/Documents/projects/gin-vue-admin/server/initialize/router.go:121	router register success
[gin-vue-admin]2026/02/12 - 14:51:37.453	[34minfo[0m	/Users/david/Documents/projects/gin-vue-admin/server/modules/ngrok/ngrok_start.go:40	ngrok started	{"url": "https://usurpingly-uncreative-yulanda.ngrok-free.dev"}
[gin-vue-admin]2026/02/12 - 14:51:37.453	[34minfo[0m	/Users/david/Documents/projects/gin-vue-admin/server/core/ngrok.go:27	ngrok ready	{"url": "https://usurpingly-uncreative-yulanda.ngrok-free.dev"}
[gin-vue-admin]2026/02/12 - 14:51:37.454	[34minfo[0m	/Users/david/Documents/projects/gin-vue-admin/server/core/server.go:41	server run success on 	{"address": ":7777"}
[gin-vue-admin]2026/02/12 - 15:10:59.606	[34minfo[0m	/Users/david/Documents/projects/gin-vue-admin/server/initialize/timer.go:38	âœ… åŒæ­¥T/Aç³»åˆ—.envæ•°æ® å®šæ—¶ä»»åŠ¡æˆåŠŸ
[gin-vue-admin]2026/02/12 - 15:10:59.606	[34minfo[0m	/Users/david/Documents/projects/gin-vue-admin/server/initialize/timer.go:49	âœ… æ³¨å†Œ BTC å®šæ—¶ä»»åŠ¡æˆåŠŸ
[gin-vue-admin]2026/02/12 - 15:10:59.606	[34minfo[0m	/Users/david/Documents/projects/gin-vue-admin/server/initialize/timer.go:60	âœ… æ³¨å†Œ BTC æˆæœ¬æŒ‡æ ‡ï¼Œå®šæ—¶ä»»åŠ¡æˆåŠŸ
[gin-vue-admin]2026/02/12 - 15:10:59.686	[34minfo[0m	/Users/david/Documents/projects/gin-vue-admin/server/initialize/gorm.go:55	è‡ªåŠ¨è¿ç§»è¡¨æˆåŠŸ
[gin-vue-admin]2026/02/12 - 15:11:03.167	[34minfo[0m	/Users/david/Documents/projects/gin-vue-admin/server/initialize/elasticsearch.go:30	Elasticsearch åˆå§‹åŒ–æˆåŠŸ	{"Version": "6.8.23", "StatusCode": 200}
[gin-vue-admin]2026/02/12 - 15:11:04.054	[34minfo[0m	/Users/david/Documents/projects/gin-vue-admin/server/initialize/router.go:69	register swagger handler
[gin-vue-admin]2026/02/12 - 15:11:04.055	[34minfo[0m	/Users/david/Documents/projects/gin-vue-admin/server/initialize/router.go:121	router register success
[gin-vue-admin]2026/02/12 - 15:11:04.910	[34minfo[0m	/Users/david/Documents/projects/gin-vue-admin/server/modules/ngrok/ngrok_start.go:40	ngrok started	{"url": "https://usurpingly-uncreative-yulanda.ngrok-free.dev"}
[gin-vue-admin]2026/02/12 - 15:11:04.910	[34minfo[0m	/Users/david/Documents/projects/gin-vue-admin/server/core/ngrok.go:27	ngrok ready	{"url": "https://usurpingly-uncreative-yulanda.ngrok-free.dev"}
[gin-vue-admin]2026/02/12 - 15:11:04.910	[34minfo[0m	/Users/david/Documents/projects/gin-vue-admin/server/core/server.go:41	server run success on 	{"address": ":7777"}
[gin-vue-admin]2026/02/12 - 15:26:57.542	[34minfo[0m	/Users/david/Documents/projects/gin-vue-admin/server/initialize/timer.go:38	âœ… åŒæ­¥T/Aç³»åˆ—.envæ•°æ® å®šæ—¶ä»»åŠ¡æˆåŠŸ
[gin-vue-admin]2026/02/12 - 15:26:57.543	[34minfo[0m	/Users/david/Documents/projects/gin-vue-admin/server/initialize/timer.go:49	âœ… æ³¨å†Œ BTC å®šæ—¶ä»»åŠ¡æˆåŠŸ
[gin-vue-admin]2026/02/12 - 15:26:57.543	[34minfo[0m	/Users/david/Documents/projects/gin-vue-admin/server/initialize/timer.go:60	âœ… æ³¨å†Œ BTC æˆæœ¬æŒ‡æ ‡ï¼Œå®šæ—¶ä»»åŠ¡æˆåŠŸ
[gin-vue-admin]2026/02/12 - 15:26:57.625	[34minfo[0m	/Users/david/Documents/projects/gin-vue-admin/server/initialize/gorm.go:55	è‡ªåŠ¨è¿ç§»è¡¨æˆåŠŸ
[gin-vue-admin]2026/02/12 - 15:27:02.992	[34minfo[0m	/Users/david/Documents/projects/gin-vue-admin/server/initialize/elasticsearch.go:30	Elasticsearch åˆå§‹åŒ–æˆåŠŸ	{"Version": "6.8.23", "StatusCode": 200}
[gin-vue-admin]2026/02/12 - 15:27:03.819	[34minfo[0m	/Users/david/Documents/projects/gin-vue-admin/server/initialize/router.go:69	register swagger handler
[gin-vue-admin]2026/02/12 - 15:27:03.820	[34minfo[0m	/Users/david/Documents/projects/gin-vue-admin/server/initialize/router.go:121	router register success
[gin-vue-admin]2026/02/12 - 15:27:04.534	[34minfo[0m	/Users/david/Documents/projects/gin-vue-admin/server/modules/ngrok/ngrok_start.go:40	ngrok started	{"url": "https://usurpingly-uncreative-yulanda.ngrok-free.dev"}
[gin-vue-admin]2026/02/12 - 15:27:04.534	[34minfo[0m	/Users/david/Documents/projects/gin-vue-admin/server/core/ngrok.go:27	ngrok ready	{"url": "https://usurpingly-uncreative-yulanda.ngrok-free.dev"}
[gin-vue-admin]2026/02/12 - 15:27:04.534	[34minfo[0m	/Users/david/Documents/projects/gin-vue-admin/server/core/server.go:41	server run success on 	{"address": ":7777"}
[gin-vue-admin]2026/02/12 - 15:41:55.586	[34minfo[0m	/Users/david/Documents/projects/gin-vue-admin/server/initialize/timer.go:38	âœ… åŒæ­¥T/Aç³»åˆ—.envæ•°æ® å®šæ—¶ä»»åŠ¡æˆåŠŸ
[gin-vue-admin]2026/02/12 - 15:41:55.587	[34minfo[0m	/Users/david/Documents/projects/gin-vue-admin/server/initialize/timer.go:49	âœ… æ³¨å†Œ BTC å®šæ—¶ä»»åŠ¡æˆåŠŸ
[gin-vue-admin]2026/02/12 - 15:41:55.587	[34minfo[0m	/Users/david/Documents/projects/gin-vue-admin/server/initialize/timer.go:60	âœ… æ³¨å†Œ BTC æˆæœ¬æŒ‡æ ‡ï¼Œå®šæ—¶ä»»åŠ¡æˆåŠŸ
[gin-vue-admin]2026/02/12 - 15:41:55.679	[34minfo[0m	/Users/david/Documents/projects/gin-vue-admin/server/initialize/gorm.go:55	è‡ªåŠ¨è¿ç§»è¡¨æˆåŠŸ
[gin-vue-admin]2026/02/12 - 15:42:01.556	[34minfo[0m	/Users/david/Documents/projects/gin-vue-admin/server/initialize/elasticsearch.go:30	Elasticsearch åˆå§‹åŒ–æˆåŠŸ	{"Version": "6.8.23", "StatusCode": 200}
[gin-vue-admin]2026/02/12 - 15:42:02.433	[34minfo[0m	/Users/david/Documents/projects/gin-vue-admin/server/initialize/router.go:69	register swagger handler
[gin-vue-admin]2026/02/12 - 15:42:02.433	[34minfo[0m	/Users/david/Documents/projects/gin-vue-admin/server/initialize/router.go:121	router register success
[gin-vue-admin]2026/02/12 - 15:42:03.060	[34minfo[0m	/Users/david/Documents/projects/gin-vue-admin/server/modules/ngrok/ngrok_start.go:40	ngrok started	{"url": "https://usurpingly-uncreative-yulanda.ngrok-free.dev"}
[gin-vue-admin]2026/02/12 - 15:42:03.061	[34minfo[0m	/Users/david/Documents/projects/gin-vue-admin/server/core/ngrok.go:27	ngrok ready	{"url": "https://usurpingly-uncreative-yulanda.ngrok-free.dev"}
[gin-vue-admin]2026/02/12 - 15:42:03.061	[34minfo[0m	/Users/david/Documents/projects/gin-vue-admin/server/core/server.go:41	server run success on 	{"address": ":7777"}
[gin-vue-admin]2026/02/12 - 15:43:17.489	[34minfo[0m	/Users/david/Documents/projects/gin-vue-admin/server/initialize/timer.go:38	âœ… åŒæ­¥T/Aç³»åˆ—.envæ•°æ® å®šæ—¶ä»»åŠ¡æˆåŠŸ
[gin-vue-admin]2026/02/12 - 15:43:17.490	[34minfo[0m	/Users/david/Documents/projects/gin-vue-admin/server/initialize/timer.go:49	âœ… æ³¨å†Œ BTC å®šæ—¶ä»»åŠ¡æˆåŠŸ
[gin-vue-admin]2026/02/12 - 15:43:17.490	[34minfo[0m	/Users/david/Documents/projects/gin-vue-admin/server/initialize/timer.go:60	âœ… æ³¨å†Œ BTC æˆæœ¬æŒ‡æ ‡ï¼Œå®šæ—¶ä»»åŠ¡æˆåŠŸ
[gin-vue-admin]2026/02/12 - 15:43:17.567	[34minfo[0m	/Users/david/Documents/projects/gin-vue-admin/server/initialize/gorm.go:55	è‡ªåŠ¨è¿ç§»è¡¨æˆåŠŸ
[gin-vue-admin]2026/02/12 - 15:43:21.059	[34minfo[0m	/Users/david/Documents/projects/gin-vue-admin/server/initialize/elasticsearch.go:30	Elasticsearch åˆå§‹åŒ–æˆåŠŸ	{"Version": "6.8.23", "StatusCode": 200}
[gin-vue-admin]2026/02/12 - 15:43:21.759	[34minfo[0m	/Users/david/Documents/projects/gin-vue-admin/server/initialize/router.go:69	register swagger handler
[gin-vue-admin]2026/02/12 - 15:43:21.760	[34minfo[0m	/Users/david/Documents/projects/gin-vue-admin/server/initialize/router.go:121	router register success
[gin-vue-admin]2026/02/12 - 15:43:22.569	[34minfo[0m	/Users/david/Documents/projects/gin-vue-admin/server/modules/ngrok/ngrok_start.go:40	ngrok started	{"url": "https://usurpingly-uncreative-yulanda.ngrok-free.dev"}
[gin-vue-admin]2026/02/12 - 15:43:22.569	[34minfo[0m	/Users/david/Documents/projects/gin-vue-admin/server/core/ngrok.go:27	ngrok ready	{"url": "https://usurpingly-uncreative-yulanda.ngrok-free.dev"}
[gin-vue-admin]2026/02/12 - 15:43:22.570	[34minfo[0m	/Users/david/Documents/projects/gin-vue-admin/server/core/server.go:41	server run success on 	{"address": ":7777"}
[gin-vue-admin]2026/02/12 - 16:04:53.210	[34minfo[0m	/Users/david/Documents/projects/gin-vue-admin/server/initialize/timer.go:38	âœ… åŒæ­¥T/Aç³»åˆ—.envæ•°æ® å®šæ—¶ä»»åŠ¡æˆåŠŸ
[gin-vue-admin]2026/02/12 - 16:04:53.210	[34minfo[0m	/Users/david/Documents/projects/gin-vue-admin/server/initialize/timer.go:49	âœ… æ³¨å†Œ BTC å®šæ—¶ä»»åŠ¡æˆåŠŸ
[gin-vue-admin]2026/02/12 - 16:04:53.210	[34minfo[0m	/Users/david/Documents/projects/gin-vue-admin/server/initialize/timer.go:60	âœ… æ³¨å†Œ BTC æˆæœ¬æŒ‡æ ‡ï¼Œå®šæ—¶ä»»åŠ¡æˆåŠŸ
[gin-vue-admin]2026/02/12 - 16:04:53.302	[34minfo[0m	/Users/david/Documents/projects/gin-vue-admin/server/initialize/gorm.go:55	è‡ªåŠ¨è¿ç§»è¡¨æˆåŠŸ
[gin-vue-admin]2026/02/12 - 16:04:58.241	[34minfo[0m	/Users/david/Documents/projects/gin-vue-admin/server/initialize/elasticsearch.go:30	Elasticsearch åˆå§‹åŒ–æˆåŠŸ	{"Version": "6.8.23", "StatusCode": 200}
[gin-vue-admin]2026/02/12 - 16:04:59.038	[34minfo[0m	/Users/david/Documents/projects/gin-vue-admin/server/initialize/router.go:69	register swagger handler
[gin-vue-admin]2026/02/12 - 16:04:59.040	[34minfo[0m	/Users/david/Documents/projects/gin-vue-admin/server/initialize/router.go:121	router register success
[gin-vue-admin]2026/02/12 - 16:04:59.725	[34minfo[0m	/Users/david/Documents/projects/gin-vue-admin/server/modules/ngrok/ngrok_start.go:40	ngrok started	{"url": "https://usurpingly-uncreative-yulanda.ngrok-free.dev"}
[gin-vue-admin]2026/02/12 - 16:04:59.725	[34minfo[0m	/Users/david/Documents/projects/gin-vue-admin/server/core/ngrok.go:27	ngrok ready	{"url": "https://usurpingly-uncreative-yulanda.ngrok-free.dev"}
[gin-vue-admin]2026/02/12 - 16:04:59.725	[34minfo[0m	/Users/david/Documents/projects/gin-vue-admin/server/core/server.go:41	server run success on 	{"address": ":7777"}
[gin-vue-admin]2026/02/12 - 17:04:53.695	[34minfo[0m	/Users/david/Documents/projects/gin-vue-admin/server/service/binance/datasync/btc_market_collector.go:76	âœ… å·²ä¿å­˜ BTC å¸‚åœºæ•°æ®	{"price": 67174}
