[gin-vue-admin]2026/02/08 - 00:56:59.326	[34minfo[0m	/Users/david/Documents/projects/gin-vue-admin/server/service/binance/datasync/btc_market_collector.go:76	âœ… å·²ä¿å­˜ BTC å¸‚åœºæ•°æ®	{"price": 69023}
[gin-vue-admin]2026/02/08 - 01:56:59.285	[34minfo[0m	/Users/david/Documents/projects/gin-vue-admin/server/service/binance/datasync/btc_market_collector.go:76	âœ… å·²ä¿å­˜ BTC å¸‚åœºæ•°æ®	{"price": 68946}
[gin-vue-admin]2026/02/08 - 02:56:59.348	[34minfo[0m	/Users/david/Documents/projects/gin-vue-admin/server/service/binance/datasync/btc_market_collector.go:76	âœ… å·²ä¿å­˜ BTC å¸‚åœºæ•°æ®	{"price": 69077}
[gin-vue-admin]2026/02/08 - 03:56:59.380	[34minfo[0m	/Users/david/Documents/projects/gin-vue-admin/server/service/binance/datasync/btc_market_collector.go:76	âœ… å·²ä¿å­˜ BTC å¸‚åœºæ•°æ®	{"price": 69502}
[gin-vue-admin]2026/02/08 - 04:56:59.313	[34minfo[0m	/Users/david/Documents/projects/gin-vue-admin/server/service/binance/datasync/btc_market_collector.go:76	âœ… å·²ä¿å­˜ BTC å¸‚åœºæ•°æ®	{"price": 69322}
[gin-vue-admin]2026/02/08 - 05:56:59.296	[34minfo[0m	/Users/david/Documents/projects/gin-vue-admin/server/service/binance/datasync/btc_market_collector.go:76	âœ… å·²ä¿å­˜ BTC å¸‚åœºæ•°æ®	{"price": 69599}
[gin-vue-admin]2026/02/08 - 06:56:59.301	[34minfo[0m	/Users/david/Documents/projects/gin-vue-admin/server/service/binance/datasync/btc_market_collector.go:76	âœ… å·²ä¿å­˜ BTC å¸‚åœºæ•°æ®	{"price": 69423}
[gin-vue-admin]2026/02/08 - 07:56:59.368	[34minfo[0m	/Users/david/Documents/projects/gin-vue-admin/server/service/binance/datasync/btc_market_collector.go:76	âœ… å·²ä¿å­˜ BTC å¸‚åœºæ•°æ®	{"price": 69379}
[gin-vue-admin]2026/02/08 - 08:56:59.300	[34minfo[0m	/Users/david/Documents/projects/gin-vue-admin/server/service/binance/datasync/btc_market_collector.go:76	âœ… å·²ä¿å­˜ BTC å¸‚åœºæ•°æ®	{"price": 69292}
[gin-vue-admin]2026/02/08 - 09:56:59.335	[34minfo[0m	/Users/david/Documents/projects/gin-vue-admin/server/service/binance/datasync/btc_market_collector.go:76	âœ… å·²ä¿å­˜ BTC å¸‚åœºæ•°æ®	{"price": 68976}
[gin-vue-admin]2026/02/08 - 10:56:59.322	[34minfo[0m	/Users/david/Documents/projects/gin-vue-admin/server/service/binance/datasync/btc_market_collector.go:76	âœ… å·²ä¿å­˜ BTC å¸‚åœºæ•°æ®	{"price": 69389}
[gin-vue-admin]2026/02/08 - 11:56:59.305	[34minfo[0m	/Users/david/Documents/projects/gin-vue-admin/server/service/binance/datasync/btc_market_collector.go:76	âœ… å·²ä¿å­˜ BTC å¸‚åœºæ•°æ®	{"price": 69200}
[gin-vue-admin]2026/02/08 - 12:56:59.315	[34minfo[0m	/Users/david/Documents/projects/gin-vue-admin/server/service/binance/datasync/btc_market_collector.go:76	âœ… å·²ä¿å­˜ BTC å¸‚åœºæ•°æ®	{"price": 69114}
[gin-vue-admin]2026/02/08 - 13:30:17.830	[34minfo[0m	/Users/david/Documents/projects/gin-vue-admin/server/modules/telegram/webhook/demo.go:25	telegram raw	{"body": "{\"update_id\":479308822,\n\"message\":{\"message_id\":7593,\"from\":{\"id\":6479992479,\"is_bot\":false,\"first_name\":\"David\",\"username\":\"David5886\",\"language_code\":\"zh-hans\"},\"chat\":{\"id\":-4582084269,\"title\":\"\\u5f00\\u53d1\\u6d4b\\u8bd5\",\"type\":\"group\",\"all_members_are_administrators\":true,\"accepted_gift_types\":{\"unlimited_gifts\":false,\"limited_gifts\":false,\"unique_gifts\":false,\"premium_subscription\":false,\"gifts_from_channels\":false}},\"date\":1770525017,\"text\":\"@CG33333_bot helo\",\"entities\":[{\"offset\":0,\"length\":12,\"type\":\"mention\"}]}}"}
[gin-vue-admin]2026/02/08 - 13:30:17.833	[34minfo[0m	/Users/david/Documents/projects/gin-vue-admin/server/modules/telegram/webhook/demo.go:37	æ”¶åˆ° Telegram æ¶ˆæ¯	{"text": "@CG33333_bot helo"}
[gin-vue-admin]2026/02/08 - 13:30:22.013	[34minfo[0m	/Users/david/Documents/projects/gin-vue-admin/server/modules/telegram/webhook/demo.go:25	telegram raw	{"body": "{\"update_id\":479308823,\n\"edited_message\":{\"message_id\":7593,\"from\":{\"id\":6479992479,\"is_bot\":false,\"first_name\":\"David\",\"username\":\"David5886\",\"language_code\":\"zh-hans\"},\"chat\":{\"id\":-4582084269,\"title\":\"\\u5f00\\u53d1\\u6d4b\\u8bd5\",\"type\":\"group\",\"all_members_are_administrators\":true,\"accepted_gift_types\":{\"unlimited_gifts\":false,\"limited_gifts\":false,\"unique_gifts\":false,\"premium_subscription\":false,\"gifts_from_channels\":false}},\"date\":1770525017,\"edit_date\":1770525021,\"text\":\"@CG33333_bot help\",\"entities\":[{\"offset\":0,\"length\":12,\"type\":\"mention\"}]}}"}
[gin-vue-admin]2026/02/08 - 13:30:30.860	[34minfo[0m	/Users/david/Documents/projects/gin-vue-admin/server/modules/telegram/webhook/demo.go:25	telegram raw	{"body": "{\"update_id\":479308824,\n\"message\":{\"message_id\":7595,\"from\":{\"id\":6479992479,\"is_bot\":false,\"first_name\":\"David\",\"username\":\"David5886\",\"language_code\":\"zh-hans\"},\"chat\":{\"id\":-4582084269,\"title\":\"\\u5f00\\u53d1\\u6d4b\\u8bd5\",\"type\":\"group\",\"all_members_are_administrators\":true,\"accepted_gift_types\":{\"unlimited_gifts\":false,\"limited_gifts\":false,\"unique_gifts\":false,\"premium_subscription\":false,\"gifts_from_channels\":false}},\"date\":1770525030,\"text\":\"@CG33333_bot help\",\"entities\":[{\"offset\":0,\"length\":12,\"type\":\"mention\"}]}}"}
[gin-vue-admin]2026/02/08 - 13:30:30.860	[34minfo[0m	/Users/david/Documents/projects/gin-vue-admin/server/modules/telegram/webhook/demo.go:37	æ”¶åˆ° Telegram æ¶ˆæ¯	{"text": "@CG33333_bot help"}
[gin-vue-admin]2026/02/08 - 13:56:59.326	[34minfo[0m	/Users/david/Documents/projects/gin-vue-admin/server/service/binance/datasync/btc_market_collector.go:76	âœ… å·²ä¿å­˜ BTC å¸‚åœºæ•°æ®	{"price": 69244}
[gin-vue-admin]2026/02/08 - 14:56:59.394	[34minfo[0m	/Users/david/Documents/projects/gin-vue-admin/server/service/binance/datasync/btc_market_collector.go:76	âœ… å·²ä¿å­˜ BTC å¸‚åœºæ•°æ®	{"price": 69156}
[gin-vue-admin]2026/02/08 - 15:56:59.384	[34minfo[0m	/Users/david/Documents/projects/gin-vue-admin/server/service/binance/datasync/btc_market_collector.go:76	âœ… å·²ä¿å­˜ BTC å¸‚åœºæ•°æ®	{"price": 69280}
[gin-vue-admin]2026/02/08 - 16:03:14.570	[34minfo[0m	/Users/david/Documents/projects/gin-vue-admin/server/modules/telegram/webhook/demo.go:25	telegram raw	{"body": "{\"update_id\":479308825,\n\"message\":{\"message_id\":7597,\"from\":{\"id\":6479992479,\"is_bot\":false,\"first_name\":\"David\",\"username\":\"David5886\",\"language_code\":\"zh-hans\"},\"chat\":{\"id\":-4582084269,\"title\":\"\\u5f00\\u53d1\\u6d4b\\u8bd5\",\"type\":\"group\",\"all_members_are_administrators\":true,\"accepted_gift_types\":{\"unlimited_gifts\":false,\"limited_gifts\":false,\"unique_gifts\":false,\"premium_subscription\":false,\"gifts_from_channels\":false}},\"date\":1770534194,\"text\":\"@CG33333_bot \\u6267\\u884c \\u6d3b\\u52a8\\u811a\\u672c proxy month_head\",\"entities\":[{\"offset\":0,\"length\":12,\"type\":\"mention\"}]}}"}
[gin-vue-admin]2026/02/08 - 16:03:14.571	[34minfo[0m	/Users/david/Documents/projects/gin-vue-admin/server/modules/telegram/webhook/demo.go:37	æ”¶åˆ° Telegram æ¶ˆæ¯	{"text": "@CG33333_bot æ‰§è¡Œ æ´»åŠ¨è„šæœ¬ proxy month_head"}
[gin-vue-admin]2026/02/08 - 16:03:27.403	[34minfo[0m	/Users/david/Documents/projects/gin-vue-admin/server/modules/telegram/webhook/demo.go:25	telegram raw	{"body": "{\"update_id\":479308826,\n\"message\":{\"message_id\":7599,\"from\":{\"id\":6479992479,\"is_bot\":false,\"first_name\":\"David\",\"username\":\"David5886\",\"language_code\":\"zh-hans\"},\"chat\":{\"id\":-4582084269,\"title\":\"\\u5f00\\u53d1\\u6d4b\\u8bd5\",\"type\":\"group\",\"all_members_are_administrators\":true,\"accepted_gift_types\":{\"unlimited_gifts\":false,\"limited_gifts\":false,\"unique_gifts\":false,\"premium_subscription\":false,\"gifts_from_channels\":false}},\"date\":1770534207,\"text\":\"@CG88885_bot \\u6267\\u884c \\u6d3b\\u52a8\\u811a\\u672c proxy month_head\",\"entities\":[{\"offset\":0,\"length\":12,\"type\":\"mention\"}]}}"}
[gin-vue-admin]2026/02/08 - 16:03:27.404	[34minfo[0m	/Users/david/Documents/projects/gin-vue-admin/server/modules/telegram/webhook/demo.go:37	æ”¶åˆ° Telegram æ¶ˆæ¯	{"text": "@CG88885_bot æ‰§è¡Œ æ´»åŠ¨è„šæœ¬ proxy month_head"}
[gin-vue-admin]2026/02/08 - 16:56:59.352	[34minfo[0m	/Users/david/Documents/projects/gin-vue-admin/server/service/binance/datasync/btc_market_collector.go:76	âœ… å·²ä¿å­˜ BTC å¸‚åœºæ•°æ®	{"price": 69577}
[gin-vue-admin]2026/02/08 - 16:58:03.132	[34minfo[0m	/Users/david/Documents/projects/gin-vue-admin/server/initialize/timer.go:38	âœ… åŒæ­¥T/Aç³»åˆ—.envæ•°æ® å®šæ—¶ä»»åŠ¡æˆåŠŸ
[gin-vue-admin]2026/02/08 - 16:58:03.133	[34minfo[0m	/Users/david/Documents/projects/gin-vue-admin/server/initialize/timer.go:49	âœ… æ³¨å†Œ BTC å®šæ—¶ä»»åŠ¡æˆåŠŸ
[gin-vue-admin]2026/02/08 - 16:58:03.133	[34minfo[0m	/Users/david/Documents/projects/gin-vue-admin/server/initialize/timer.go:60	âœ… æ³¨å†Œ BTC æˆæœ¬æŒ‡æ ‡ï¼Œå®šæ—¶ä»»åŠ¡æˆåŠŸ
[gin-vue-admin]2026/02/08 - 16:58:03.333	[34minfo[0m	/Users/david/Documents/projects/gin-vue-admin/server/initialize/gorm.go:55	è‡ªåŠ¨è¿ç§»è¡¨æˆåŠŸ
[gin-vue-admin]2026/02/08 - 16:58:08.880	[34minfo[0m	/Users/david/Documents/projects/gin-vue-admin/server/initialize/elasticsearch.go:30	Elasticsearch åˆå§‹åŒ–æˆåŠŸ	{"Version": "6.8.23", "StatusCode": 200}
[gin-vue-admin]2026/02/08 - 16:58:09.515	[34minfo[0m	/Users/david/Documents/projects/gin-vue-admin/server/initialize/router.go:69	register swagger handler
[gin-vue-admin]2026/02/08 - 16:58:09.517	[34minfo[0m	/Users/david/Documents/projects/gin-vue-admin/server/initialize/router.go:121	router register success
[gin-vue-admin]2026/02/08 - 16:58:10.127	[34minfo[0m	/Users/david/Documents/projects/gin-vue-admin/server/modules/ngrok/ngrok_start.go:40	ngrok started	{"url": "https://usurpingly-uncreative-yulanda.ngrok-free.dev"}
[gin-vue-admin]2026/02/08 - 16:58:10.129	[34minfo[0m	/Users/david/Documents/projects/gin-vue-admin/server/core/ngrok.go:27	ngrok ready	{"url": "https://usurpingly-uncreative-yulanda.ngrok-free.dev"}
[gin-vue-admin]2026/02/08 - 16:58:10.129	[34minfo[0m	/Users/david/Documents/projects/gin-vue-admin/server/core/server.go:41	server run success on 	{"address": ":7777"}
[gin-vue-admin]2026/02/08 - 16:59:24.018	[34minfo[0m	/Users/david/Documents/projects/gin-vue-admin/server/modules/telegram/webhook/handle.go:104	è§£æåå‚æ•°é•¿åº¦: 5, å†…å®¹: [@CG88885_bot æ‰§è¡Œ æ´»åŠ¨è„šæœ¬ proxy month_head]
[gin-vue-admin]2026/02/08 - 17:00:40.523	[34minfo[0m	/Users/david/Documents/projects/gin-vue-admin/server/initialize/timer.go:38	âœ… åŒæ­¥T/Aç³»åˆ—.envæ•°æ® å®šæ—¶ä»»åŠ¡æˆåŠŸ
[gin-vue-admin]2026/02/08 - 17:00:40.523	[34minfo[0m	/Users/david/Documents/projects/gin-vue-admin/server/initialize/timer.go:49	âœ… æ³¨å†Œ BTC å®šæ—¶ä»»åŠ¡æˆåŠŸ
[gin-vue-admin]2026/02/08 - 17:00:40.523	[34minfo[0m	/Users/david/Documents/projects/gin-vue-admin/server/initialize/timer.go:60	âœ… æ³¨å†Œ BTC æˆæœ¬æŒ‡æ ‡ï¼Œå®šæ—¶ä»»åŠ¡æˆåŠŸ
[gin-vue-admin]2026/02/08 - 17:00:40.677	[34minfo[0m	/Users/david/Documents/projects/gin-vue-admin/server/initialize/gorm.go:55	è‡ªåŠ¨è¿ç§»è¡¨æˆåŠŸ
[gin-vue-admin]2026/02/08 - 17:00:45.068	[34minfo[0m	/Users/david/Documents/projects/gin-vue-admin/server/initialize/elasticsearch.go:30	Elasticsearch åˆå§‹åŒ–æˆåŠŸ	{"Version": "6.8.23", "StatusCode": 200}
[gin-vue-admin]2026/02/08 - 17:00:45.732	[34minfo[0m	/Users/david/Documents/projects/gin-vue-admin/server/initialize/router.go:69	register swagger handler
[gin-vue-admin]2026/02/08 - 17:00:45.734	[34minfo[0m	/Users/david/Documents/projects/gin-vue-admin/server/initialize/router.go:121	router register success
[gin-vue-admin]2026/02/08 - 17:00:46.416	[34minfo[0m	/Users/david/Documents/projects/gin-vue-admin/server/modules/ngrok/ngrok_start.go:40	ngrok started	{"url": "https://usurpingly-uncreative-yulanda.ngrok-free.dev"}
[gin-vue-admin]2026/02/08 - 17:00:46.417	[34minfo[0m	/Users/david/Documents/projects/gin-vue-admin/server/core/ngrok.go:27	ngrok ready	{"url": "https://usurpingly-uncreative-yulanda.ngrok-free.dev"}
[gin-vue-admin]2026/02/08 - 17:00:46.417	[34minfo[0m	/Users/david/Documents/projects/gin-vue-admin/server/core/server.go:41	server run success on 	{"address": ":7777"}
[gin-vue-admin]2026/02/08 - 17:00:51.313	[34minfo[0m	/Users/david/Documents/projects/gin-vue-admin/server/modules/telegram/webhook/handle.go:104	è§£æåå‚æ•°é•¿åº¦: 5, å†…å®¹: [@CG88885_bot æ‰§è¡Œ æ´»åŠ¨è„šæœ¬ proxy month_head]
[gin-vue-admin]2026/02/08 - 17:00:51.314	[34minfo[0m	/Users/david/Documents/projects/gin-vue-admin/server/modules/telegram/webhook/demo.go:25	telegram raw	{"body": ""}
[gin-vue-admin]2026/02/08 - 17:00:51.582	[34minfo[0m	/Users/david/Documents/projects/gin-vue-admin/server/modules/telegram/webhook/demo.go:25	telegram raw	{"body": ""}
[gin-vue-admin]2026/02/08 - 17:00:53.875	[34minfo[0m	/Users/david/Documents/projects/gin-vue-admin/server/modules/telegram/webhook/demo.go:25	telegram raw	{"body": ""}
[gin-vue-admin]2026/02/08 - 17:00:58.151	[34minfo[0m	/Users/david/Documents/projects/gin-vue-admin/server/modules/telegram/webhook/demo.go:25	telegram raw	{"body": ""}
[gin-vue-admin]2026/02/08 - 17:01:06.460	[34minfo[0m	/Users/david/Documents/projects/gin-vue-admin/server/modules/telegram/webhook/demo.go:25	telegram raw	{"body": ""}
[gin-vue-admin]2026/02/08 - 17:01:22.734	[34minfo[0m	/Users/david/Documents/projects/gin-vue-admin/server/modules/telegram/webhook/demo.go:25	telegram raw	{"body": ""}
[gin-vue-admin]2026/02/08 - 17:01:55.010	[34minfo[0m	/Users/david/Documents/projects/gin-vue-admin/server/modules/telegram/webhook/demo.go:25	telegram raw	{"body": ""}
[gin-vue-admin]2026/02/08 - 17:02:23.024	[34minfo[0m	/Users/david/Documents/projects/gin-vue-admin/server/initialize/timer.go:38	âœ… åŒæ­¥T/Aç³»åˆ—.envæ•°æ® å®šæ—¶ä»»åŠ¡æˆåŠŸ
[gin-vue-admin]2026/02/08 - 17:02:23.025	[34minfo[0m	/Users/david/Documents/projects/gin-vue-admin/server/initialize/timer.go:49	âœ… æ³¨å†Œ BTC å®šæ—¶ä»»åŠ¡æˆåŠŸ
[gin-vue-admin]2026/02/08 - 17:02:23.025	[34minfo[0m	/Users/david/Documents/projects/gin-vue-admin/server/initialize/timer.go:60	âœ… æ³¨å†Œ BTC æˆæœ¬æŒ‡æ ‡ï¼Œå®šæ—¶ä»»åŠ¡æˆåŠŸ
[gin-vue-admin]2026/02/08 - 17:02:23.163	[34minfo[0m	/Users/david/Documents/projects/gin-vue-admin/server/initialize/gorm.go:55	è‡ªåŠ¨è¿ç§»è¡¨æˆåŠŸ
[gin-vue-admin]2026/02/08 - 17:02:27.058	[34minfo[0m	/Users/david/Documents/projects/gin-vue-admin/server/initialize/elasticsearch.go:30	Elasticsearch åˆå§‹åŒ–æˆåŠŸ	{"Version": "6.8.23", "StatusCode": 200}
[gin-vue-admin]2026/02/08 - 17:02:27.732	[34minfo[0m	/Users/david/Documents/projects/gin-vue-admin/server/initialize/router.go:69	register swagger handler
[gin-vue-admin]2026/02/08 - 17:02:27.733	[34minfo[0m	/Users/david/Documents/projects/gin-vue-admin/server/initialize/router.go:121	router register success
[gin-vue-admin]2026/02/08 - 17:02:28.386	[34minfo[0m	/Users/david/Documents/projects/gin-vue-admin/server/modules/ngrok/ngrok_start.go:40	ngrok started	{"url": "https://usurpingly-uncreative-yulanda.ngrok-free.dev"}
[gin-vue-admin]2026/02/08 - 17:02:28.387	[34minfo[0m	/Users/david/Documents/projects/gin-vue-admin/server/core/ngrok.go:27	ngrok ready	{"url": "https://usurpingly-uncreative-yulanda.ngrok-free.dev"}
[gin-vue-admin]2026/02/08 - 17:02:28.388	[34minfo[0m	/Users/david/Documents/projects/gin-vue-admin/server/core/server.go:41	server run success on 	{"address": ":7777"}
[gin-vue-admin]2026/02/08 - 17:03:00.349	[34minfo[0m	/Users/david/Documents/projects/gin-vue-admin/server/modules/telegram/webhook/handle.go:104	è§£æåå‚æ•°é•¿åº¦: 5, å†…å®¹: [@CG88885_bot æ‰§è¡Œ æ´»åŠ¨è„šæœ¬ proxy month_head]
[gin-vue-admin]2026/02/08 - 17:03:00.656	[34minfo[0m	/Users/david/Documents/projects/gin-vue-admin/server/modules/telegram/webhook/handle.go:104	è§£æåå‚æ•°é•¿åº¦: 1, å†…å®¹: [@CG88885_bot]
[gin-vue-admin]2026/02/08 - 17:03:01.450	[34minfo[0m	/Users/david/Documents/projects/gin-vue-admin/server/modules/telegram/webhook/handle.go:104	è§£æåå‚æ•°é•¿åº¦: 1, å†…å®¹: [@CG88885_bot]
[gin-vue-admin]2026/02/08 - 18:02:23.363	[34minfo[0m	/Users/david/Documents/projects/gin-vue-admin/server/service/binance/datasync/btc_market_collector.go:76	âœ… å·²ä¿å­˜ BTC å¸‚åœºæ•°æ®	{"price": 70598}
[gin-vue-admin]2026/02/08 - 19:02:23.307	[34minfo[0m	/Users/david/Documents/projects/gin-vue-admin/server/service/binance/datasync/btc_market_collector.go:76	âœ… å·²ä¿å­˜ BTC å¸‚åœºæ•°æ®	{"price": 70135}
[gin-vue-admin]2026/02/08 - 20:02:23.365	[34minfo[0m	/Users/david/Documents/projects/gin-vue-admin/server/service/binance/datasync/btc_market_collector.go:76	âœ… å·²ä¿å­˜ BTC å¸‚åœºæ•°æ®	{"price": 70184}
[gin-vue-admin]2026/02/08 - 20:04:25.654	[34minfo[0m	/Users/david/Documents/projects/gin-vue-admin/server/initialize/timer.go:38	âœ… åŒæ­¥T/Aç³»åˆ—.envæ•°æ® å®šæ—¶ä»»åŠ¡æˆåŠŸ
[gin-vue-admin]2026/02/08 - 20:04:25.654	[34minfo[0m	/Users/david/Documents/projects/gin-vue-admin/server/initialize/timer.go:49	âœ… æ³¨å†Œ BTC å®šæ—¶ä»»åŠ¡æˆåŠŸ
[gin-vue-admin]2026/02/08 - 20:04:25.654	[34minfo[0m	/Users/david/Documents/projects/gin-vue-admin/server/initialize/timer.go:60	âœ… æ³¨å†Œ BTC æˆæœ¬æŒ‡æ ‡ï¼Œå®šæ—¶ä»»åŠ¡æˆåŠŸ
[gin-vue-admin]2026/02/08 - 20:04:25.759	[34minfo[0m	/Users/david/Documents/projects/gin-vue-admin/server/initialize/gorm.go:55	è‡ªåŠ¨è¿ç§»è¡¨æˆåŠŸ
[gin-vue-admin]2026/02/08 - 20:04:30.279	[34minfo[0m	/Users/david/Documents/projects/gin-vue-admin/server/initialize/elasticsearch.go:30	Elasticsearch åˆå§‹åŒ–æˆåŠŸ	{"Version": "6.8.23", "StatusCode": 200}
[gin-vue-admin]2026/02/08 - 20:04:30.946	[34minfo[0m	/Users/david/Documents/projects/gin-vue-admin/server/initialize/router.go:69	register swagger handler
[gin-vue-admin]2026/02/08 - 20:04:30.947	[34minfo[0m	/Users/david/Documents/projects/gin-vue-admin/server/initialize/router.go:121	router register success
[gin-vue-admin]2026/02/08 - 20:04:31.692	[34minfo[0m	/Users/david/Documents/projects/gin-vue-admin/server/modules/ngrok/ngrok_start.go:40	ngrok started	{"url": "https://usurpingly-uncreative-yulanda.ngrok-free.dev"}
[gin-vue-admin]2026/02/08 - 20:04:31.693	[34minfo[0m	/Users/david/Documents/projects/gin-vue-admin/server/core/ngrok.go:27	ngrok ready	{"url": "https://usurpingly-uncreative-yulanda.ngrok-free.dev"}
[gin-vue-admin]2026/02/08 - 20:04:31.693	[34minfo[0m	/Users/david/Documents/projects/gin-vue-admin/server/core/server.go:41	server run success on 	{"address": ":7777"}
[gin-vue-admin]2026/02/08 - 20:05:34.067	[34minfo[0m	/Users/david/Documents/projects/gin-vue-admin/server/modules/telegram/webhook/handle.go:104	è§£æåå‚æ•°é•¿åº¦: 1, å†…å®¹: [@CG88885_bot]
[gin-vue-admin]2026/02/08 - 21:04:25.140	[34minfo[0m	/Users/david/Documents/projects/gin-vue-admin/server/service/binance/datasync/btc_market_collector.go:76	âœ… å·²ä¿å­˜ BTC å¸‚åœºæ•°æ®	{"price": 70835}
[gin-vue-admin]2026/02/08 - 22:04:25.310	[34minfo[0m	/Users/david/Documents/projects/gin-vue-admin/server/service/binance/datasync/btc_market_collector.go:76	âœ… å·²ä¿å­˜ BTC å¸‚åœºæ•°æ®	{"price": 71138}
[gin-vue-admin]2026/02/08 - 23:04:25.279	[34minfo[0m	/Users/david/Documents/projects/gin-vue-admin/server/service/binance/datasync/btc_market_collector.go:76	âœ… å·²ä¿å­˜ BTC å¸‚åœºæ•°æ®	{"price": 71421}
